<?xml version="1.0" encoding="UTF-8"?>
<!-- Generated by org.testng.reporters.JUnitXMLReporter -->
<testsuite hostname="ons-PC" name="TestA" tests="3" failures="1" timestamp="18 Feb 2017 07:30:02 GMT" time="0.026" errors="0">
  <testcase name="testA1" time="0.008" classname="com.qtpselenium.core.ddf.testcases.DummyTestA">
    <failure type="java.lang.AssertionError" message="null">
      <![CDATA[java.lang.AssertionError: null
	at com.qtpselenium.core.ddf.testcases.DummyTestA.testA1(DummyTestA.java:16)
... Removed 25 stack frames]]>
    </failure>
  </testcase> <!-- testA1 -->
  <testcase name="testA2" time="0.0" classname="com.qtpselenium.core.ddf.testcases.DummyTestA"/>
  <testcase name="testA3" time="0.0" classname="com.qtpselenium.core.ddf.testcases.DummyTestA"/>
</testsuite> <!-- TestA -->
